{
  "stats": {
    "suites": 1,
    "tests": 4,
    "passes": 4,
    "pending": 0,
    "failures": 0,
    "start": "2022-11-30T09:56:22.361Z",
    "end": "2022-11-30T09:56:24.933Z",
    "duration": 2572,
    "testsRegistered": 4,
    "passPercent": 100,
    "pendingPercent": 0,
    "other": 0,
    "hasOther": false,
    "skipped": 0,
    "hasSkipped": false
  },
  "results": [
    {
      "uuid": "f12b5504-97bb-4fb4-9350-88d3c9dbe40a",
      "title": "",
      "fullFile": "/Users/azzamnizar/IdeaProjects/PunkApiAutomation/src/test/punkApi_test.js",
      "file": "/src/test/punkApi_test.js",
      "beforeHooks": [],
      "afterHooks": [],
      "tests": [],
      "suites": [
        {
          "uuid": "49ff8756-105d-4e8a-a438-f36be9e71465",
          "title": "Punk API Test",
          "fullFile": "/Users/azzamnizar/IdeaProjects/PunkApiAutomation/src/test/punkApi_test.js",
          "file": "/src/test/punkApi_test.js",
          "beforeHooks": [],
          "afterHooks": [],
          "tests": [
            {
              "title": "Page data validation for 20",
              "fullTitle": "Punk API Test Page data validation for 20",
              "timedOut": false,
              "duration": 614,
              "state": "passed",
              "speed": "slow",
              "pass": true,
              "fail": false,
              "pending": false,
              "context": null,
              "code": "const response = await rootApi.get(`beers/?page=2&per_page=${page}`).send();\nexpect(response.status).to.eql(200)\nexpect(response.body.length).to.eql(page);",
              "err": {},
              "uuid": "37f1e2f6-d15e-4e28-a1c8-8f9e711b3e52",
              "parentUUID": "49ff8756-105d-4e8a-a438-f36be9e71465",
              "isHook": false,
              "skipped": false
            },
            {
              "title": "Page data validation for 5",
              "fullTitle": "Punk API Test Page data validation for 5",
              "timedOut": false,
              "duration": 772,
              "state": "passed",
              "speed": "slow",
              "pass": true,
              "fail": false,
              "pending": false,
              "context": null,
              "code": "const response = await rootApi.get(`beers/?page=2&per_page=${page}`).send();\nexpect(response.status).to.eql(200)\nexpect(response.body.length).to.eql(page);",
              "err": {},
              "uuid": "37d04b40-f49b-4c0b-aaf9-6effb3ba8045",
              "parentUUID": "49ff8756-105d-4e8a-a438-f36be9e71465",
              "isHook": false,
              "skipped": false
            },
            {
              "title": "Page data validation for 1",
              "fullTitle": "Punk API Test Page data validation for 1",
              "timedOut": false,
              "duration": 582,
              "state": "passed",
              "speed": "slow",
              "pass": true,
              "fail": false,
              "pending": false,
              "context": null,
              "code": "const response = await rootApi.get(`beers/?page=2&per_page=${page}`).send();\nexpect(response.status).to.eql(200)\nexpect(response.body.length).to.eql(page);",
              "err": {},
              "uuid": "a9e87ba5-6e8e-402a-ac72-b1b24003f674",
              "parentUUID": "49ff8756-105d-4e8a-a438-f36be9e71465",
              "isHook": false,
              "skipped": false
            },
            {
              "title": "Validation data for beers",
              "fullTitle": "Punk API Test Validation data for beers",
              "timedOut": false,
              "duration": 599,
              "state": "passed",
              "speed": "slow",
              "pass": true,
              "fail": false,
              "pending": false,
              "context": null,
              "code": "const response = await rootApi.get(`beers`).send();\nlet lengthData = response.body.length;\n\nexpect(response.body).to.be.jsonSchema(schema);\nexpect(response.status).to.eql(200);\nexpect(response.body.length).to.eql(25);\nfor (let index = 0; index < lengthData; index++) {\n    console.log(response.body[index].name);\n}",
              "err": {},
              "uuid": "bf59e36d-eedc-4bb1-8eeb-8a2639979fdd",
              "parentUUID": "49ff8756-105d-4e8a-a438-f36be9e71465",
              "isHook": false,
              "skipped": false
            }
          ],
          "suites": [],
          "passes": [
            "37f1e2f6-d15e-4e28-a1c8-8f9e711b3e52",
            "37d04b40-f49b-4c0b-aaf9-6effb3ba8045",
            "a9e87ba5-6e8e-402a-ac72-b1b24003f674",
            "bf59e36d-eedc-4bb1-8eeb-8a2639979fdd"
          ],
          "failures": [],
          "pending": [],
          "skipped": [],
          "duration": 2567,
          "root": false,
          "rootEmpty": false,
          "_timeout": 60000
        }
      ],
      "passes": [],
      "failures": [],
      "pending": [],
      "skipped": [],
      "duration": 0,
      "root": true,
      "rootEmpty": true,
      "_timeout": 60000
    }
  ],
  "meta": {
    "mocha": {
      "version": "10.1.0"
    },
    "mochawesome": {
      "options": {
        "quiet": false,
        "reportFilename": "mochawesome",
        "saveHtml": true,
        "saveJson": true,
        "consoleReporter": "spec",
        "useInlineDiffs": false,
        "code": true
      },
      "version": "7.1.3"
    },
    "marge": {
      "options": {
        "reportDir": "reports/mochawesome/"
      },
      "version": "6.2.0"
    }
  }
}